0 info it worked if it ends with ok
1 verbose cli [ '/usr/local/bin/iojs',
1 verbose cli   '/usr/local/lib/node_modules/cnpm/node_modules/.bin/npm',
1 verbose cli   '--userconfig=/Users/apple/.cnpmrc',
1 verbose cli   '--disturl=https://npm.taobao.org/mirrors/iojs',
1 verbose cli   '--cache=/Users/apple/.cnpm',
1 verbose cli   '--registry=https://registry.npm.taobao.org',
1 verbose cli   '--node-gyp=/usr/local/lib/node_modules/cnpm/node_modules/node-gyp/bin/node-gyp.js',
1 verbose cli   'install',
1 verbose cli   '-d',
1 verbose cli   'angular-material@1.0.0',
1 verbose cli   '--save-dev',
1 verbose cli   '-d' ]
2 info using npm@2.14.10
3 info using node@v4.2.2
4 verbose install initial load of /Users/apple/Documents/O/reegle-website/rw-cms/package.json
5 verbose installManyTop reading scoped package data from /Users/apple/Documents/O/reegle-website/rw-cms/node_modules/angular/package.json
6 verbose installManyTop reading scoped package data from /Users/apple/Documents/O/reegle-website/rw-cms/node_modules/angular-animate/package.json
7 verbose installManyTop reading scoped package data from /Users/apple/Documents/O/reegle-website/rw-cms/node_modules/angular-aria/package.json
8 verbose installManyTop reading scoped package data from /Users/apple/Documents/O/reegle-website/rw-cms/node_modules/angular-bootstrap-colorpicker/package.json
9 verbose installManyTop reading scoped package data from /Users/apple/Documents/O/reegle-website/rw-cms/node_modules/angular-cookies/package.json
10 verbose installManyTop reading scoped package data from /Users/apple/Documents/O/reegle-website/rw-cms/node_modules/angular-material/package.json
11 verbose installManyTop reading scoped package data from /Users/apple/Documents/O/reegle-website/rw-cms/node_modules/angular-messages/package.json
12 verbose installManyTop reading scoped package data from /Users/apple/Documents/O/reegle-website/rw-cms/node_modules/angular-resource/package.json
13 verbose installManyTop reading scoped package data from /Users/apple/Documents/O/reegle-website/rw-cms/node_modules/angular-sanitize/package.json
14 verbose installManyTop reading scoped package data from /Users/apple/Documents/O/reegle-website/rw-cms/node_modules/angular-ui-router/package.json
15 verbose installManyTop reading scoped package data from /Users/apple/Documents/O/reegle-website/rw-cms/node_modules/assets-webpack-plugin/package.json
16 verbose installManyTop reading scoped package data from /Users/apple/Documents/O/reegle-website/rw-cms/node_modules/bootstrap-sass/package.json
17 verbose installManyTop reading scoped package data from /Users/apple/Documents/O/reegle-website/rw-cms/node_modules/clean-webpack-plugin/package.json
18 verbose installManyTop reading scoped package data from /Users/apple/Documents/O/reegle-website/rw-cms/node_modules/co/package.json
19 verbose installManyTop reading scoped package data from /Users/apple/Documents/O/reegle-website/rw-cms/node_modules/css-loader/package.json
20 verbose installManyTop reading scoped package data from /Users/apple/Documents/O/reegle-website/rw-cms/node_modules/extract-text-webpack-plugin/package.json
21 verbose installManyTop reading scoped package data from /Users/apple/Documents/O/reegle-website/rw-cms/node_modules/file-loader/package.json
22 verbose installManyTop reading scoped package data from /Users/apple/Documents/O/reegle-website/rw-cms/node_modules/font-awesome/package.json
23 verbose installManyTop reading scoped package data from /Users/apple/Documents/O/reegle-website/rw-cms/node_modules/gulp/package.json
24 verbose installManyTop reading scoped package data from /Users/apple/Documents/O/reegle-website/rw-cms/node_modules/gulp-livereload/package.json
25 verbose installManyTop reading scoped package data from /Users/apple/Documents/O/reegle-website/rw-cms/node_modules/gulp-util/package.json
26 verbose installManyTop reading scoped package data from /Users/apple/Documents/O/reegle-website/rw-cms/node_modules/html-loader/package.json
27 verbose installManyTop reading scoped package data from /Users/apple/Documents/O/reegle-website/rw-cms/node_modules/html-webpack-plugin/package.json
28 verbose installManyTop reading scoped package data from /Users/apple/Documents/O/reegle-website/rw-cms/node_modules/jade/package.json
29 verbose installManyTop reading scoped package data from /Users/apple/Documents/O/reegle-website/rw-cms/node_modules/jquery/package.json
30 verbose installManyTop reading scoped package data from /Users/apple/Documents/O/reegle-website/rw-cms/node_modules/json-loader/package.json
31 verbose installManyTop reading scoped package data from /Users/apple/Documents/O/reegle-website/rw-cms/node_modules/koa/package.json
32 verbose installManyTop reading scoped package data from /Users/apple/Documents/O/reegle-website/rw-cms/node_modules/koa-bodyparser/package.json
33 verbose installManyTop reading scoped package data from /Users/apple/Documents/O/reegle-website/rw-cms/node_modules/koa-generic-session/package.json
34 verbose installManyTop reading scoped package data from /Users/apple/Documents/O/reegle-website/rw-cms/node_modules/koa-gzip/package.json
35 verbose installManyTop reading scoped package data from /Users/apple/Documents/O/reegle-website/rw-cms/node_modules/koa-jade/package.json
36 verbose installManyTop reading scoped package data from /Users/apple/Documents/O/reegle-website/rw-cms/node_modules/koa-multer/package.json
37 verbose installManyTop reading scoped package data from /Users/apple/Documents/O/reegle-website/rw-cms/node_modules/koa-qs/package.json
38 verbose installManyTop reading scoped package data from /Users/apple/Documents/O/reegle-website/rw-cms/node_modules/koa-router/package.json
39 verbose installManyTop reading scoped package data from /Users/apple/Documents/O/reegle-website/rw-cms/node_modules/koa-send/package.json
40 verbose installManyTop reading scoped package data from /Users/apple/Documents/O/reegle-website/rw-cms/node_modules/koa-static/package.json
41 verbose installManyTop reading scoped package data from /Users/apple/Documents/O/reegle-website/rw-cms/node_modules/koa-static-cache/package.json
42 verbose installManyTop reading scoped package data from /Users/apple/Documents/O/reegle-website/rw-cms/node_modules/koa-views/package.json
43 verbose installManyTop reading scoped package data from /Users/apple/Documents/O/reegle-website/rw-cms/node_modules/lodash/package.json
44 verbose installManyTop reading scoped package data from /Users/apple/Documents/O/reegle-website/rw-cms/node_modules/material-design-icons/package.json
45 verbose installManyTop reading scoped package data from /Users/apple/Documents/O/reegle-website/rw-cms/node_modules/mongoose/package.json
46 verbose installManyTop reading scoped package data from /Users/apple/Documents/O/reegle-website/rw-cms/node_modules/ng-annotate-loader/package.json
47 verbose installManyTop reading scoped package data from /Users/apple/Documents/O/reegle-website/rw-cms/node_modules/ng-annotate-webpack-plugin/package.json
48 verbose installManyTop reading scoped package data from /Users/apple/Documents/O/reegle-website/rw-cms/node_modules/ng-file-upload/package.json
49 verbose installManyTop reading scoped package data from /Users/apple/Documents/O/reegle-website/rw-cms/node_modules/ngtemplate-loader/package.json
50 verbose installManyTop reading scoped package data from /Users/apple/Documents/O/reegle-website/rw-cms/node_modules/node-bourbon/package.json
51 verbose installManyTop reading scoped package data from /Users/apple/Documents/O/reegle-website/rw-cms/node_modules/node-neat/package.json
52 verbose installManyTop reading scoped package data from /Users/apple/Documents/O/reegle-website/rw-cms/node_modules/node-sass/package.json
53 verbose installManyTop reading scoped package data from /Users/apple/Documents/O/reegle-website/rw-cms/node_modules/normalize.css/package.json
54 verbose installManyTop reading scoped package data from /Users/apple/Documents/O/reegle-website/rw-cms/node_modules/rangy/package.json
55 verbose installManyTop reading scoped package data from /Users/apple/Documents/O/reegle-website/rw-cms/node_modules/sass-loader/package.json
56 verbose installManyTop reading scoped package data from /Users/apple/Documents/O/reegle-website/rw-cms/node_modules/style-loader/package.json
57 verbose installManyTop reading scoped package data from /Users/apple/Documents/O/reegle-website/rw-cms/node_modules/textangular/package.json
58 verbose installManyTop reading scoped package data from /Users/apple/Documents/O/reegle-website/rw-cms/node_modules/url-loader/package.json
59 verbose installManyTop reading scoped package data from /Users/apple/Documents/O/reegle-website/rw-cms/node_modules/webpack/package.json
60 verbose installManyTop reading scoped package data from /Users/apple/Documents/O/reegle-website/rw-cms/node_modules/webpack-dev-server/package.json
61 info package.json angular-material@0.11.4 No license field.
62 info package.json jquery@2.1.4 No license field.
63 info package.json rangy@1.3.0 No license field.
64 info package.json angular-ui-router@0.2.15 No license field.
65 info package.json clean-webpack-plugin@0.1.4 No license field.
66 info package.json html-loader@0.4.0 No license field.
67 info package.json ngtemplate-loader@1.3.1 No license field.
68 verbose readDependencies loading dependencies from /Users/apple/Documents/O/reegle-website/rw-cms/package.json
69 silly cache add args [ 'angular-material@1.0.0', null ]
70 verbose cache add spec angular-material@1.0.0
71 silly cache add parsed spec Result {
71 silly cache add   raw: 'angular-material@1.0.0',
71 silly cache add   scope: null,
71 silly cache add   name: 'angular-material',
71 silly cache add   rawSpec: '1.0.0',
71 silly cache add   spec: '1.0.0',
71 silly cache add   type: 'version' }
72 silly addNamed angular-material@1.0.0
73 verbose addNamed "1.0.0" is a plain semver version for angular-material
74 silly mapToRegistry name angular-material
75 silly mapToRegistry using default registry
76 silly mapToRegistry registry https://registry.npm.taobao.org/
77 silly mapToRegistry uri https://registry.npm.taobao.org/angular-material
78 verbose addNameVersion registry:https://registry.npm.taobao.org/angular-material not in flight; fetching
79 verbose request uri https://registry.npm.taobao.org/angular-material
80 verbose request no auth needed
81 info attempt registry request try #1 at 11:17:04
82 verbose request id e84293b618f027cd
83 verbose etag "9a39-uLCf2nBC+UcygyBkq0h9iQ"
84 http request GET https://registry.npm.taobao.org/angular-material
85 http 304 https://registry.npm.taobao.org/angular-material
86 verbose headers { date: 'Mon, 07 Dec 2015 03:17:05 GMT',
86 verbose headers   connection: 'keep-alive',
86 verbose headers   etag: '"9a39-uLCf2nBC+UcygyBkq0h9iQ"',
86 verbose headers   'x-readtime': '24' }
87 silly get cb [ 304,
87 silly get   { date: 'Mon, 07 Dec 2015 03:17:05 GMT',
87 silly get     connection: 'keep-alive',
87 silly get     etag: '"9a39-uLCf2nBC+UcygyBkq0h9iQ"',
87 silly get     'x-readtime': '24' } ]
88 verbose etag https://registry.npm.taobao.org/angular-material from cache
89 verbose get saving angular-material to /Users/apple/.cnpm/registry.npm.taobao.org/angular-material/.cache.json
90 verbose stack Error: version not found: angular-material@1.0.0
90 verbose stack     at setData (/usr/local/lib/node_modules/cnpm/node_modules/npm/lib/cache/add-named.js:137:12)
90 verbose stack     at RES (/usr/local/lib/node_modules/cnpm/node_modules/npm/node_modules/inflight/inflight.js:23:14)
90 verbose stack     at f (/usr/local/lib/node_modules/cnpm/node_modules/npm/node_modules/once/once.js:17:25)
90 verbose stack     at fixName (/usr/local/lib/node_modules/cnpm/node_modules/npm/lib/cache/add-named.js:29:5)
90 verbose stack     at saved (/usr/local/lib/node_modules/cnpm/node_modules/npm/lib/cache/caching-client.js:173:7)
90 verbose stack     at /usr/local/lib/node_modules/cnpm/node_modules/npm/node_modules/graceful-fs/polyfills.js:210:7
90 verbose stack     at FSReqWrap.oncomplete (fs.js:82:15)
91 verbose statusCode 404
92 verbose cwd /Users/apple/Documents/O/reegle-website/rw-cms
93 error Darwin 14.5.0
94 error argv "/usr/local/bin/iojs" "/usr/local/lib/node_modules/cnpm/node_modules/.bin/npm" "--userconfig=/Users/apple/.cnpmrc" "--disturl=https://npm.taobao.org/mirrors/iojs" "--cache=/Users/apple/.cnpm" "--registry=https://registry.npm.taobao.org" "--node-gyp=/usr/local/lib/node_modules/cnpm/node_modules/node-gyp/bin/node-gyp.js" "install" "-d" "angular-material@1.0.0" "--save-dev" "-d"
95 error node v4.2.2
96 error npm  v2.14.10
97 error version not found: angular-material@1.0.0
98 error If you need help, you may report this error at:
98 error     <https://github.com/npm/npm/issues>
99 verbose exit [ 1, true ]
